[2020-06-24 20:20:21] Текст ошибки: Страница не найдена | Файл: C:\OpenServer\OSPanel\domains\ishop2.loc\vendor\ishop\core\Router.php | Строка: 73
====================
[2020-06-24 20:47:49] Текст ошибки: syntax error, unexpected '?>' | Файл: C:\OpenServer\OSPanel\domains\ishop2.loc\app\views\layouts\watches.php | Строка: 54
====================
[2020-06-24 22:05:19] Текст ошибки: Контроллер app\controllers\CategoryController не найден | Файл: C:\OpenServer\OSPanel\domains\ishop2.loc\vendor\ishop\core\Router.php | Строка: 70
====================
[2020-06-25 21:40:32] Текст ошибки: Страница не найдена | Файл: C:\OpenServer\OSPanel\domains\ishop2.loc\vendor\ishop\core\Router.php | Строка: 73
====================
[2020-06-25 21:47:50] Текст ошибки: Метод app\controllers\CartController::viewAction не найден | Файл: C:\OpenServer\OSPanel\domains\ishop2.loc\vendor\ishop\core\Router.php | Строка: 67
====================
[2020-06-26 21:01:30] Текст ошибки: Страница не найдена | Файл: C:\OpenServer\OSPanel\domains\ishop2.loc\vendor\ishop\core\Router.php | Строка: 73
====================
[2020-06-26 21:35:10] Текст ошибки: Контроллер app\controllers\SearchController не найден | Файл: C:\OpenServer\OSPanel\domains\ishop2.loc\vendor\ishop\core\Router.php | Строка: 70
====================
[2020-06-26 21:36:08] Текст ошибки: Контроллер app\controllers\SearchController не найден | Файл: C:\OpenServer\OSPanel\domains\ishop2.loc\vendor\ishop\core\Router.php | Строка: 70
====================
[2020-06-26 21:36:58] Текст ошибки: Контроллер app\controllers\SearchController не найден | Файл: C:\OpenServer\OSPanel\domains\ishop2.loc\vendor\ishop\core\Router.php | Строка: 70
====================
[2020-06-26 21:37:27] Текст ошибки: Контроллер app\controllers\SearchController не найден | Файл: C:\OpenServer\OSPanel\domains\ishop2.loc\vendor\ishop\core\Router.php | Строка: 70
====================
[2020-06-26 21:38:05] Текст ошибки: Контроллер app\controllers\SearchController не найден | Файл: C:\OpenServer\OSPanel\domains\ishop2.loc\vendor\ishop\core\Router.php | Строка: 70
====================
[2020-06-26 21:49:05] Текст ошибки: Не найден вид C:\OpenServer\OSPanel\domains\ishop2.loc/app/views/Search/typeahead.php | Файл: C:\OpenServer\OSPanel\domains\ishop2.loc\vendor\ishop\core\base\View.php | Строка: 61
====================
[2020-06-26 21:51:07] Текст ошибки: Не найден вид C:\OpenServer\OSPanel\domains\ishop2.loc/app/views/Search/typeahead.php | Файл: C:\OpenServer\OSPanel\domains\ishop2.loc\vendor\ishop\core\base\View.php | Строка: 61
====================
[2020-06-26 21:51:30] Текст ошибки: Не найден вид C:\OpenServer\OSPanel\domains\ishop2.loc/app/views/Search/typeahead.php | Файл: C:\OpenServer\OSPanel\domains\ishop2.loc\vendor\ishop\core\base\View.php | Строка: 61
====================
[2020-06-26 21:51:35] Текст ошибки: Не найден вид C:\OpenServer\OSPanel\domains\ishop2.loc/app/views/Search/typeahead.php | Файл: C:\OpenServer\OSPanel\domains\ishop2.loc\vendor\ishop\core\base\View.php | Строка: 61
====================
[2020-06-26 21:59:57] Текст ошибки: Метод app\controllers\SearchController::indexAction не найден | Файл: C:\OpenServer\OSPanel\domains\ishop2.loc\vendor\ishop\core\Router.php | Строка: 67
====================
[2020-06-26 22:02:14] Текст ошибки: Метод app\controllers\SearchController::indexAction не найден | Файл: C:\OpenServer\OSPanel\domains\ishop2.loc\vendor\ishop\core\Router.php | Строка: 67
====================
[2020-06-26 22:33:08] Текст ошибки: Метод app\controllers\SearchController::indexAction не найден | Файл: C:\OpenServer\OSPanel\domains\ishop2.loc\vendor\ishop\core\Router.php | Строка: 67
====================
[2020-06-26 22:33:59] Текст ошибки: Метод app\controllers\SearchController::indexAction не найден | Файл: C:\OpenServer\OSPanel\domains\ishop2.loc\vendor\ishop\core\Router.php | Строка: 67
====================
